2026-02-23 12:34:46 - Starting project initialization
2026-02-23 12:34:46 - Repo root: C:\ENET\eireanet-web-private
2026-02-23 12:34:46 - Log file: C:\ENET\eireanet-web-private\Logs\ProjectInit\2026\02\init.log
2026-02-23 12:34:46 - Project subfolder already exists: EireaNet.Web
2026-02-23 12:34:46 - Changed directory to: C:\ENET\eireanet-web-private\EireaNet.Web
2026-02-23 12:34:46 - Creating new webapp project with framework net8.0...
2026-02-23 12:58:46 - Starting folder structure initialization
2026-02-23 12:58:46 [INFO] Current working directory: C:\ENET\eireanet-web-private
2026-02-23 12:58:46 [INFO] Directory check passed: Running from correct repo root (eireanet-web-private)
2026-02-23 12:58:46 [INFO] Project subfolder already exists
2026-02-23 12:58:46 [INFO] Folder already exists: Pages
2026-02-23 12:58:46 [INFO] Folder already exists: Pages\Shared
2026-02-23 12:58:46 [INFO] Folder already exists: wwwroot
2026-02-23 12:58:46 [INFO] Folder already exists: wwwroot\css
2026-02-23 12:58:46 [INFO] Folder already exists: wwwroot\js
2026-02-23 12:58:46 [INFO] Folder already exists: wwwroot\images
2026-02-23 12:58:46 [INFO] Folder structure initialization finished.
2026-02-23 12:58:46 [INFO] Project base path: C:\ENET\eireanet-web-private\EireaNet.Web
2026-02-23 12:58:46 [INFO] Next steps:
2026-02-23 12:58:46 [INFO]   - Manually place _Layout.cshtml, _Header.cshtml, etc. into Pages\Shared\
2026-02-23 12:58:46 [INFO]   - Place Index.cshtml (with hero section) into Pages\
2026-02-23 12:58:46 [INFO]   - When ready for code generation, install .NET SDK and run dotnet new webapp inside EireaNet.Web
2026-02-23 13:03:55 - Starting folder structure initialization
2026-02-23 13:03:55 [INFO] Current working directory: C:\ENET\eireanet-web-private
2026-02-23 13:03:55 [INFO] Directory check passed: Running from correct repo root (eireanet-web-private)
2026-02-23 13:03:55 [INFO] Project subfolder already exists
2026-02-23 13:03:55 [INFO] Folder already exists: Pages
2026-02-23 13:03:55 [INFO] Folder already exists: Pages\Shared
2026-02-23 13:03:55 [INFO] Folder already exists: wwwroot
2026-02-23 13:03:55 [INFO] Folder already exists: wwwroot\css
2026-02-23 13:03:55 [INFO] Folder already exists: wwwroot\js
2026-02-23 13:03:55 [INFO] Folder already exists: wwwroot\images
2026-02-23 13:03:55 [INFO] Folder structure initialization finished.
2026-02-23 13:03:55 [INFO] Project base path: C:\ENET\eireanet-web-private\EireaNet.Web
2026-02-23 13:03:55 [INFO] Next steps:
2026-02-23 13:03:55 [INFO]   - Manually place _Layout.cshtml, _Header.cshtml, etc. into Pages\Shared\
2026-02-23 13:03:55 [INFO]   - Place Index.cshtml (with hero section) into Pages\
2026-02-23 13:03:56 [INFO]   - When ready for code generation, install .NET SDK and run dotnet new webapp inside EireaNet.Web
