2026-02-23 13:05:51 - Starting structure verification for eireanet-web-private
2026-02-23 13:05:51 [INFO] Repository detected: eireanet-web-private
2026-02-23 13:05:51 [INFO] Log file: C:\ENET\eireanet-web-private\Logs\StructureCheck\2026\02\check.log
2026-02-23 13:05:51 [INFO] Checking private repository structure...
2026-02-23 13:05:51 [INFO] Found: EireaNet.Web
2026-02-23 13:05:51 [INFO] Found: EireaNet.Web\Pages
2026-02-23 13:05:51 [INFO] Found: EireaNet.Web\Pages\Shared
2026-02-23 13:05:51 [INFO] Found: EireaNet.Web\wwwroot
2026-02-23 13:05:51 [INFO] Found: EireaNet.Web\wwwroot\css
2026-02-23 13:05:51 [INFO] Found: EireaNet.Web\wwwroot\js
2026-02-23 13:05:51 [INFO] Found: EireaNet.Web\wwwroot\images
2026-02-23 13:05:51 [INFO] Found: PSscripts
2026-02-23 13:05:51 [INFO] Found: Logs
2026-02-23 13:05:51 [INFO] Found: Rules
2026-02-23 13:05:51 [INFO] Found: Variables
2026-02-23 13:05:51 [INFO] Found: Pendings
2026-02-23 13:05:51 [INFO] Verification complete.
2026-02-23 13:05:51 [INFO] Found folders  : 12
2026-02-23 13:05:51 [INFO] Missing folders: 0
2026-02-23 13:05:51 [INFO] All expected folders present.
2026-02-23 15:06:31 - Starting structure verification (Base: C:\ENET)
2026-02-23 15:06:31 [INFO] Private repo path: C:\ENET\eireanet-web-private
2026-02-23 15:06:31 [INFO] Public repo path:  C:\ENET\eireanet-web-public
2026-02-23 15:06:31 [INFO] Log file: C:\ENET\eireanet-web-private\Logs\StructureCheck\2026\02\check.log
2026-02-23 15:06:31 [INFO] Verifying Private repo (C:\ENET\eireanet-web-private)
2026-02-23 15:06:31 [INFO] Found expected: EireaNet.Web
2026-02-23 15:06:31 [INFO] Found expected: EireaNet.Web\Pages
2026-02-23 15:06:31 [INFO] Found expected: EireaNet.Web\Pages\Shared
2026-02-23 15:06:31 [INFO] Found expected: EireaNet.Web\wwwroot
2026-02-23 15:06:31 [INFO] Found expected: EireaNet.Web\wwwroot\css
2026-02-23 15:06:31 [INFO] Found expected: EireaNet.Web\wwwroot\js
2026-02-23 15:06:31 [INFO] Found expected: EireaNet.Web\wwwroot\images
2026-02-23 15:06:31 [INFO] Found expected: PSscripts
2026-02-23 15:06:31 [INFO] Found expected: Logs
2026-02-23 15:06:31 [INFO] Found expected: Rules
2026-02-23 15:06:31 [INFO] Found expected: Variables
2026-02-23 15:06:31 [INFO] Found expected: Pendings
2026-02-23 15:06:31 [INFO] No extra top-level folders in Private
2026-02-23 15:06:31 [INFO] Verifying Public repo (C:\ENET\eireanet-web-public)
2026-02-23 15:06:31 [INFO] Found expected: images
2026-02-23 15:06:31 [INFO] Found expected: images\ICO
2026-02-23 15:06:31 [INFO] Found expected: images\JPG
2026-02-23 15:06:31 [INFO] Found expected: images\PNG
2026-02-23 15:06:31 [INFO] Found expected: images\SVG
2026-02-23 15:06:31 [INFO] Found expected: images\webp
2026-02-23 15:06:31 [INFO] Found expected: images\jfif
2026-02-23 15:06:31 [INFO] Found expected: images\Gif
2026-02-23 15:06:31 [WARN] Extra top-level folders in Public:
2026-02-23 15:06:31 [WARN]   - favicon
2026-02-23 15:06:31 [INFO] Verification finished for both repositories
2026-02-23 15:13:13 - Starting structure verification (Base: C:\ENET)
2026-02-23 15:13:13 [INFO] Private repo path: C:\ENET\eireanet-web-private
2026-02-23 15:13:13 [INFO] Public repo path:  C:\ENET\eireanet-web-public
2026-02-23 15:13:13 [INFO] Log file: C:\ENET\eireanet-web-private\Logs\StructureCheck\2026\02\check.log
2026-02-23 15:13:13 [INFO] Verifying Private repo (C:\ENET\eireanet-web-private)
2026-02-23 15:13:13 [INFO] Found expected: EireaNet.Web
2026-02-23 15:13:13 [INFO] Found expected: EireaNet.Web\Pages
2026-02-23 15:13:13 [INFO] Found expected: EireaNet.Web\Pages\Shared
2026-02-23 15:13:13 [INFO] Found expected: EireaNet.Web\wwwroot
2026-02-23 15:13:13 [INFO] Found expected: EireaNet.Web\wwwroot\css
2026-02-23 15:13:13 [INFO] Found expected: EireaNet.Web\wwwroot\js
2026-02-23 15:13:13 [INFO] Found expected: EireaNet.Web\wwwroot\images
2026-02-23 15:13:13 [INFO] Found expected: PSscripts
2026-02-23 15:13:13 [INFO] Found expected: Logs
2026-02-23 15:13:13 [INFO] Found expected: Rules
2026-02-23 15:13:13 [INFO] Found expected: Variables
2026-02-23 15:13:13 [INFO] Found expected: Pendings
2026-02-23 15:13:13 [INFO] No extra top-level folders in Private
2026-02-23 15:13:13 [INFO] Verifying Public repo (C:\ENET\eireanet-web-public)
2026-02-23 15:13:13 [INFO] Found expected: images
2026-02-23 15:13:13 [INFO] Found expected: images\ICO
2026-02-23 15:13:13 [INFO] Found expected: images\JPG
2026-02-23 15:13:13 [INFO] Found expected: images\PNG
2026-02-23 15:13:13 [INFO] Found expected: images\SVG
2026-02-23 15:13:13 [INFO] Found expected: images\webp
2026-02-23 15:13:13 [INFO] Found expected: images\jfif
2026-02-23 15:13:13 [INFO] Found expected: images\Gif
2026-02-23 15:13:13 [WARN] Extra top-level folders in Public:
2026-02-23 15:13:13 [WARN]   - favicon
2026-02-23 15:13:13 [INFO] Verification finished for both repositories
